<?xml version="1.0" encoding="UTF-8"?>
<testng-results skipped="0" failed="0" total="1" passed="1">
  <reporter-output>
    <line>
      <![CDATA[Clicked on Login Link]]>
    </line>
    <line>
      <![CDATA[Clicked on submit button]]>
    </line>
    <line>
      <![CDATA[Clicked on job posting button]]>
    </line>
    <line>
      <![CDATA[Clicked on 2nd Tab]]>
    </line>
    <line>
      <![CDATA[Entered Position Title]]>
    </line>
  </reporter-output>
  <suite name="Default suite" duration-ms="232287" started-at="2014-01-22T06:54:59Z" finished-at="2014-01-22T06:58:51Z">
    <groups>
    </groups>
    <test name="Default test" duration-ms="232287" started-at="2014-01-22T06:54:59Z" finished-at="2014-01-22T06:58:51Z">
      <class name="SL8Z.Project2.Create_New_Search">
        <test-method status="PASS" signature="beforeTest()[pri:0, instance:SL8Z.Project2.Create_New_Search@37a96]" name="beforeTest" is-config="true" duration-ms="60904" started-at="2014-01-22T12:24:59Z" finished-at="2014-01-22T12:26:00Z">
          <reporter-output>
          </reporter-output>
        </test-method> <!-- beforeTest -->
        <test-method status="PASS" signature="Login()[pri:0, instance:SL8Z.Project2.Create_New_Search@37a96]" name="Login" duration-ms="169235" started-at="2014-01-22T12:26:00Z" finished-at="2014-01-22T12:28:49Z">
          <reporter-output>
            <line>
              <![CDATA[Clicked on Login Link]]>
            </line>
            <line>
              <![CDATA[Clicked on submit button]]>
            </line>
            <line>
              <![CDATA[Clicked on job posting button]]>
            </line>
            <line>
              <![CDATA[Clicked on 2nd Tab]]>
            </line>
            <line>
              <![CDATA[Entered Position Title]]>
            </line>
          </reporter-output>
        </test-method> <!-- Login -->
        <test-method status="PASS" signature="afterTest()[pri:0, instance:SL8Z.Project2.Create_New_Search@37a96]" name="afterTest" is-config="true" duration-ms="2128" started-at="2014-01-22T12:28:49Z" finished-at="2014-01-22T12:28:51Z">
          <reporter-output>
          </reporter-output>
        </test-method> <!-- afterTest -->
      </class> <!-- SL8Z.Project2.Create_New_Search -->
    </test> <!-- Default test -->
  </suite> <!-- Default suite -->
</testng-results>
